0 info it worked if it ends with ok
1 verbose cli [ '/Users/mac/.nvm/versions/node/v7.5.0/bin/node',
1 verbose cli   '/Users/mac/.nvm/versions/node/v7.5.0/bin/npm',
1 verbose cli   'run',
1 verbose cli   'build' ]
2 info using npm@4.1.2
3 info using node@v7.5.0
4 verbose run-script [ 'prebuild', 'build', 'postbuild' ]
5 info lifecycle nekomy@0.1.10~prebuild: nekomy@0.1.10
6 silly lifecycle nekomy@0.1.10~prebuild: no script for prebuild, continuing
7 info lifecycle nekomy@0.1.10~build: nekomy@0.1.10
8 verbose lifecycle nekomy@0.1.10~build: unsafe-perm in lifecycle true
9 verbose lifecycle nekomy@0.1.10~build: PATH: /Users/mac/.nvm/versions/node/v7.5.0/lib/node_modules/npm/bin/node-gyp-bin:/Users/mac/Documents/Visa/DATUM_Labs/Github/hypatia/node_modules/.bin:/Users/mac/.nvm/versions/node/v7.5.0/bin:/opt/anaconda3/bin:/opt/anaconda3/condabin:/usr/local/bin:/usr/bin:/bin:/usr/sbin:/sbin
10 verbose lifecycle nekomy@0.1.10~build: CWD: /Users/mac/Documents/Visa/DATUM_Labs/Github/hypatia
11 silly lifecycle nekomy@0.1.10~build: Args: [ '-c',
11 silly lifecycle   'rm -rf dist && webpack --config ./webpack/webpack-prod.config.js --colors' ]
12 silly lifecycle nekomy@0.1.10~build: Returned: code: 1  signal: null
13 info lifecycle nekomy@0.1.10~build: Failed to exec build script
14 verbose stack Error: nekomy@0.1.10 build: `rm -rf dist && webpack --config ./webpack/webpack-prod.config.js --colors`
14 verbose stack Exit status 1
14 verbose stack     at EventEmitter.<anonymous> (/Users/mac/.nvm/versions/node/v7.5.0/lib/node_modules/npm/lib/utils/lifecycle.js:279:16)
14 verbose stack     at emitTwo (events.js:106:13)
14 verbose stack     at EventEmitter.emit (events.js:192:7)
14 verbose stack     at ChildProcess.<anonymous> (/Users/mac/.nvm/versions/node/v7.5.0/lib/node_modules/npm/lib/utils/spawn.js:40:14)
14 verbose stack     at emitTwo (events.js:106:13)
14 verbose stack     at ChildProcess.emit (events.js:192:7)
14 verbose stack     at maybeClose (internal/child_process.js:890:16)
14 verbose stack     at Process.ChildProcess._handle.onexit (internal/child_process.js:226:5)
15 verbose pkgid nekomy@0.1.10
16 verbose cwd /Users/mac/Documents/Visa/DATUM_Labs/Github/hypatia/webpack
17 error Darwin 21.3.0
18 error argv "/Users/mac/.nvm/versions/node/v7.5.0/bin/node" "/Users/mac/.nvm/versions/node/v7.5.0/bin/npm" "run" "build"
19 error node v7.5.0
20 error npm  v4.1.2
21 error code ELIFECYCLE
22 error nekomy@0.1.10 build: `rm -rf dist && webpack --config ./webpack/webpack-prod.config.js --colors`
22 error Exit status 1
23 error Failed at the nekomy@0.1.10 build script 'rm -rf dist && webpack --config ./webpack/webpack-prod.config.js --colors'.
23 error Make sure you have the latest version of node.js and npm installed.
23 error If you do, this is most likely a problem with the nekomy package,
23 error not with npm itself.
23 error Tell the author that this fails on your system:
23 error     rm -rf dist && webpack --config ./webpack/webpack-prod.config.js --colors
23 error You can get information on how to open an issue for this project with:
23 error     npm bugs nekomy
23 error Or if that isn't available, you can get their info via:
23 error     npm owner ls nekomy
23 error There is likely additional logging output above.
24 verbose exit [ 1, true ]
